# JRE version: Java(TM) SE Runtime Environment (7.0_72-b14) (build 1.7.0_72-b14)
# Java VM: Java HotSpot(TM) Client VM (24.72-b04 mixed mode, sharing windows-x86 )
Heap
 def new generation   total 11776K, used 11776K [0x27200000, 0x27ec0000, 0x2c750000)
  eden space 10496K, 100% used [0x27200000, 0x27c40000, 0x27c40000)
  from space 1280K, 100% used [0x27d80000, 0x27ec0000, 0x27ec0000)
  to   space 1280K, 100% used [0x27c40000, 0x27d80000, 0x27d80000)
 tenured generation   total 26140K, used 26140K [0x2c750000, 0x2e0d7000, 0x37200000)
   the space 26140K, 100% used [0x2c750000, 0x2e0d7000, 0x2e0d7000, 0x2e0d7000)
 compacting perm gen  total 13824K, used 13666K [0x37200000, 0x37f80000, 0x3b200000)
   the space 13824K,  98% used [0x37200000, 0x37f58a80, 0x37f58c00, 0x37f80000)
    ro space 10240K,  44% used [0x3b200000, 0x3b67b1c8, 0x3b67b200, 0x3bc00000)
    rw space 12288K,  52% used [0x3bc00000, 0x3c2431d0, 0x3c243200, 0x3c800000)
GC Heap History (10 events):
Event: 40.335 GC heap after
Heap after GC invocations=62 (full 8):
 def new generation   total 11136K, used 1215K [0x27200000, 0x27e10000, 0x2c750000)
  eden space 9920K,   0% used [0x27200000, 0x27200000, 0x27bb0000)
  from space 1216K,  99% used [0x27ce0000, 0x27e0fff8, 0x27e10000)
  to   space 1216K,   0% used [0x27bb0000, 0x27bb0000, 0x27ce0000)
 tenured generation   total 24580K, used 21874K [0x2c750000, 0x2df51000, 0x37200000)
   the space 24580K,  88% used [0x2c750000, 0x2dcacaf0, 0x2dcacc00, 0x2df51000)
 compacting perm gen  total 13824K, used 13660K [0x37200000, 0x37f80000, 0x3b200000)
   the space 13824K,  98% used [0x37200000, 0x37f572c0, 0x37f57400, 0x37f80000)
    ro space 10240K,  44% used [0x3b200000, 0x3b67b1c8, 0x3b67b200, 0x3bc00000)
    rw space 12288K,  52% used [0x3bc00000, 0x3c2431d0, 0x3c243200, 0x3c800000)
}
Event: 40.411 GC heap before
{Heap before GC invocations=62 (full 8):
 def new generation   total 11136K, used 11135K [0x27200000, 0x27e10000, 0x2c750000)
  eden space 9920K, 100% used [0x27200000, 0x27bb0000, 0x27bb0000)
  from space 1216K,  99% used [0x27ce0000, 0x27e0fff8, 0x27e10000)
  to   space 1216K,   0% used [0x27bb0000, 0x27bb0000, 0x27ce0000)
 tenured generation   total 24580K, used 21874K [0x2c750000, 0x2df51000, 0x37200000)
   the space 24580K,  88% used [0x2c750000, 0x2dcacaf0, 0x2dcacc00, 0x2df51000)
 compacting perm gen  total 13824K, used 13660K [0x37200000, 0x37f80000, 0x3b200000)
   the space 13824K,  98% used [0x37200000, 0x37f572c0, 0x37f57400, 0x37f80000)
    ro space 10240K,  44% used [0x3b200000, 0x3b67b1c8, 0x3b67b200, 0x3bc00000)
    rw space 12288K,  52% used [0x3bc00000, 0x3c2431d0, 0x3c243200, 0x3c800000)
Event: 40.418 GC heap after
Heap after GC invocations=63 (full 8):
 def new generation   total 11136K, used 1216K [0x27200000, 0x27e10000, 0x2c750000)
  eden space 9920K,   0% used [0x27200000, 0x27200000, 0x27bb0000)
  from space 1216K, 100% used [0x27bb0000, 0x27ce0000, 0x27ce0000)
  to   space 1216K,   0% used [0x27ce0000, 0x27ce0000, 0x27e10000)
 tenured generation   total 24580K, used 24066K [0x2c750000, 0x2df51000, 0x37200000)
   the space 24580K,  97% used [0x2c750000, 0x2ded08f8, 0x2ded0a00, 0x2df51000)
 compacting perm gen  total 13824K, used 13660K [0x37200000, 0x37f80000, 0x3b200000)
   the space 13824K,  98% used [0x37200000, 0x37f572c0, 0x37f57400, 0x37f80000)
    ro space 10240K,  44% used [0x3b200000, 0x3b67b1c8, 0x3b67b200, 0x3bc00000)
    rw space 12288K,  52% used [0x3bc00000, 0x3c2431d0, 0x3c243200, 0x3c800000)
}
Event: 40.460 GC heap before
{Heap before GC invocations=63 (full 8):
 def new generation   total 11136K, used 11136K [0x27200000, 0x27e10000, 0x2c750000)
  eden space 9920K, 100% used [0x27200000, 0x27bb0000, 0x27bb0000)
  from space 1216K, 100% used [0x27bb0000, 0x27ce0000, 0x27ce0000)
  to   space 1216K,   0% used [0x27ce0000, 0x27ce0000, 0x27e10000)
 tenured generation   total 24580K, used 24066K [0x2c750000, 0x2df51000, 0x37200000)
   the space 24580K,  97% used [0x2c750000, 0x2ded08f8, 0x2ded0a00, 0x2df51000)
 compacting perm gen  total 13824K, used 13660K [0x37200000, 0x37f80000, 0x3b200000)
   the space 13824K,  98% used [0x37200000, 0x37f572c0, 0x37f57400, 0x37f80000)
    ro space 10240K,  44% used [0x3b200000, 0x3b67b1c8, 0x3b67b200, 0x3bc00000)
    rw space 12288K,  52% used [0x3bc00000, 0x3c2431d0, 0x3c243200, 0x3c800000)
Event: 40.543 GC heap after
Heap after GC invocations=64 (full 9):
 def new generation   total 11776K, used 0K [0x27200000, 0x27ec0000, 0x2c750000)
  eden space 10496K,   0% used [0x27200000, 0x27200000, 0x27c40000)
  from space 1280K,   0% used [0x27c40000, 0x27c40000, 0x27d80000)
  to   space 1280K,   0% used [0x27d80000, 0x27d80000, 0x27ec0000)
 tenured generation   total 25988K, used 22832K [0x2c750000, 0x2e0b1000, 0x37200000)
   the space 25988K,  87% used [0x2c750000, 0x2dd9c048, 0x2dd9c200, 0x2e0b1000)
 compacting perm gen  total 13824K, used 13660K [0x37200000, 0x37f80000, 0x3b200000)
   the space 13824K,  98% used [0x37200000, 0x37f572c0, 0x37f57400, 0x37f80000)
    ro space 10240K,  44% used [0x3b200000, 0x3b67b1c8, 0x3b67b200, 0x3bc00000)
    rw space 12288K,  52% used [0x3bc00000, 0x3c2431d0, 0x3c243200, 0x3c800000)
}
Event: 40.594 GC heap before
{Heap before GC invocations=64 (full 9):
 def new generation   total 11776K, used 10496K [0x27200000, 0x27ec0000, 0x2c750000)
  eden space 10496K, 100% used [0x27200000, 0x27c40000, 0x27c40000)
  from space 1280K,   0% used [0x27c40000, 0x27c40000, 0x27d80000)
  to   space 1280K,   0% used [0x27d80000, 0x27d80000, 0x27ec0000)
 tenured generation   total 25988K, used 22832K [0x2c750000, 0x2e0b1000, 0x37200000)
   the space 25988K,  87% used [0x2c750000, 0x2dd9c048, 0x2dd9c200, 0x2e0b1000)
 compacting perm gen  total 13824K, used 13666K [0x37200000, 0x37f80000, 0x3b200000)
   the space 13824K,  98% used [0x37200000, 0x37f589b0, 0x37f58a00, 0x37f80000)
    ro space 10240K,  44% used [0x3b200000, 0x3b67b1c8, 0x3b67b200, 0x3bc00000)
    rw space 12288K,  52% used [0x3bc00000, 0x3c2431d0, 0x3c243200, 0x3c800000)
Event: 40.598 GC heap after
Heap after GC invocations=65 (full 9):
 def new generation   total 11776K, used 1279K [0x27200000, 0x27ec0000, 0x2c750000)
  eden space 10496K,   0% used [0x27200000, 0x27200000, 0x27c40000)
  from space 1280K,  99% used [0x27d80000, 0x27ebfff8, 0x27ec0000)
  to   space 1280K,   0% used [0x27c40000, 0x27c40000, 0x27d80000)
 tenured generation   total 25988K, used 23672K [0x2c750000, 0x2e0b1000, 0x37200000)
   the space 25988K,  91% used [0x2c750000, 0x2de6e0c0, 0x2de6e200, 0x2e0b1000)
 compacting perm gen  total 13824K, used 13666K [0x37200000, 0x37f80000, 0x3b200000)
   the space 13824K,  98% used [0x37200000, 0x37f589b0, 0x37f58a00, 0x37f80000)
    ro space 10240K,  44% used [0x3b200000, 0x3b67b1c8, 0x3b67b200, 0x3bc00000)
    rw space 12288K,  52% used [0x3bc00000, 0x3c2431d0, 0x3c243200, 0x3c800000)
}
Event: 40.695 GC heap before
{Heap before GC invocations=65 (full 9):
 def new generation   total 11776K, used 11775K [0x27200000, 0x27ec0000, 0x2c750000)
  eden space 10496K, 100% used [0x27200000, 0x27c40000, 0x27c40000)
  from space 1280K,  99% used [0x27d80000, 0x27ebfff8, 0x27ec0000)
  to   space 1280K,   0% used [0x27c40000, 0x27c40000, 0x27d80000)
 tenured generation   total 25988K, used 23672K [0x2c750000, 0x2e0b1000, 0x37200000)
   the space 25988K,  91% used [0x2c750000, 0x2de6e0c0, 0x2de6e200, 0x2e0b1000)
 compacting perm gen  total 13824K, used 13666K [0x37200000, 0x37f80000, 0x3b200000)
   the space 13824K,  98% used [0x37200000, 0x37f58a80, 0x37f58c00, 0x37f80000)
    ro space 10240K,  44% used [0x3b200000, 0x3b67b1c8, 0x3b67b200, 0x3bc00000)
    rw space 12288K,  52% used [0x3bc00000, 0x3c2431d0, 0x3c243200, 0x3c800000)
Event: 40.701 GC heap after
Heap after GC invocations=66 (full 9):
 def new generation   total 11776K, used 1280K [0x27200000, 0x27ec0000, 0x2c750000)
  eden space 10496K,   0% used [0x27200000, 0x27200000, 0x27c40000)
  from space 1280K, 100% used [0x27c40000, 0x27d80000, 0x27d80000)
  to   space 1280K,   0% used [0x27d80000, 0x27d80000, 0x27ec0000)
 tenured generation   total 25988K, used 25550K [0x2c750000, 0x2e0b1000, 0x37200000)
   the space 25988K,  98% used [0x2c750000, 0x2e043850, 0x2e043a00, 0x2e0b1000)
 compacting perm gen  total 13824K, used 13666K [0x37200000, 0x37f80000, 0x3b200000)
   the space 13824K,  98% used [0x37200000, 0x37f58a80, 0x37f58c00, 0x37f80000)
    ro space 10240K,  44% used [0x3b200000, 0x3b67b1c8, 0x3b67b200, 0x3bc00000)
    rw space 12288K,  52% used [0x3bc00000, 0x3c2431d0, 0x3c243200, 0x3c800000)
}
Event: 40.745 GC heap before
{Heap before GC invocations=66 (full 9):
 def new generation   total 11776K, used 11776K [0x27200000, 0x27ec0000, 0x2c750000)
  eden space 10496K, 100% used [0x27200000, 0x27c40000, 0x27c40000)
  from space 1280K, 100% used [0x27c40000, 0x27d80000, 0x27d80000)
  to   space 1280K,   0% used [0x27d80000, 0x27d80000, 0x27ec0000)
 tenured generation   total 25988K, used 25550K [0x2c750000, 0x2e0b1000, 0x37200000)
   the space 25988K,  98% used [0x2c750000, 0x2e043850, 0x2e043a00, 0x2e0b1000)
 compacting perm gen  total 13824K, used 13666K [0x37200000, 0x37f80000, 0x3b200000)
   the space 13824K,  98% used [0x37200000, 0x37f58a80, 0x37f58c00, 0x37f80000)
    ro space 10240K,  44% used [0x3b200000, 0x3b67b1c8, 0x3b67b200, 0x3bc00000)
    rw space 12288K,  52% used [0x3bc00000, 0x3c2431d0, 0x3c243200, 0x3c800000)

